<?xml version="1.0" encoding="UTF-8"?>
<testng-results skipped="0" failed="0" total="2" passed="2">
  <reporter-output>
    <line>
      <![CDATA[Done]]>
    </line>
    <line>
      <![CDATA[Done]]>
    </line>
  </reporter-output>
  <suite name="Custom suite" duration-ms="16303" started-at="2014-03-24T11:02:08Z" finished-at="2014-03-24T11:02:24Z">
    <groups>
    </groups>
    <test name="VenereAutoScripts" duration-ms="16303" started-at="2014-03-24T11:02:08Z" finished-at="2014-03-24T11:02:24Z">
      <class name="com.epam.tests.MainClass">
        <test-method status="PASS" signature="initialization()[pri:0, instance:com.epam.tests.MainClass@7834eb]" name="initialization" is-config="true" duration-ms="3695" started-at="2014-03-24T13:02:08Z" finished-at="2014-03-24T13:02:11Z">
          <reporter-output>
          </reporter-output>
        </test-method> <!-- initialization -->
        <test-method status="PASS" signature="mainTest()[pri:0, instance:com.epam.tests.MainClass@7834eb]" name="mainTest" duration-ms="3690" started-at="2014-03-24T13:02:11Z" finished-at="2014-03-24T13:02:15Z">
          <reporter-output>
            <line>
              <![CDATA[Done]]>
            </line>
          </reporter-output>
        </test-method> <!-- mainTest -->
        <test-method status="PASS" signature="cleanup()[pri:0, instance:com.epam.tests.MainClass@7834eb]" name="cleanup" is-config="true" duration-ms="192" started-at="2014-03-24T13:02:15Z" finished-at="2014-03-24T13:02:15Z">
          <reporter-output>
          </reporter-output>
        </test-method> <!-- cleanup -->
        <test-method status="PASS" signature="initialization()[pri:0, instance:com.epam.tests.MainClass@7834eb]" name="initialization" is-config="true" duration-ms="3575" started-at="2014-03-24T13:02:15Z" finished-at="2014-03-24T13:02:19Z">
          <reporter-output>
          </reporter-output>
        </test-method> <!-- initialization -->
        <test-method status="PASS" signature="searchHotelIdInPropertiesAdmin()[pri:0, instance:com.epam.tests.MainClass@7834eb]" name="searchHotelIdInPropertiesAdmin" duration-ms="4910" started-at="2014-03-24T13:02:19Z" finished-at="2014-03-24T13:02:24Z">
          <reporter-output>
            <line>
              <![CDATA[Done]]>
            </line>
          </reporter-output>
        </test-method> <!-- searchHotelIdInPropertiesAdmin -->
        <test-method status="PASS" signature="cleanup()[pri:0, instance:com.epam.tests.MainClass@7834eb]" name="cleanup" is-config="true" duration-ms="229" started-at="2014-03-24T13:02:24Z" finished-at="2014-03-24T13:02:24Z">
          <reporter-output>
          </reporter-output>
        </test-method> <!-- cleanup -->
      </class> <!-- com.epam.tests.MainClass -->
    </test> <!-- VenereAutoScripts -->
  </suite> <!-- Custom suite -->
</testng-results>
