<?xml version="1.0" encoding="UTF-8"?>
<testng-results skipped="0" failed="0" total="1" passed="1">
  <reporter-output>
  </reporter-output>
  <suite name="Custom suite" duration-ms="6156" started-at="2014-03-25T15:41:10Z" finished-at="2014-03-25T15:41:17Z">
    <groups>
    </groups>
    <test name="VenereAutoScripts" duration-ms="6156" started-at="2014-03-25T15:41:10Z" finished-at="2014-03-25T15:41:17Z">
      <class name="com.epam.tests.MainClass">
        <test-method status="PASS" signature="initialization()[pri:0, instance:com.epam.tests.MainClass@1b9b03]" name="initialization" is-config="true" duration-ms="1865" started-at="2014-03-25T17:41:11Z" finished-at="2014-03-25T17:41:12Z">
          <reporter-output>
          </reporter-output>
        </test-method> <!-- initialization -->
        <test-method status="PASS" signature="authorisationTest()[pri:0, instance:com.epam.tests.MainClass@1b9b03]" name="authorisationTest" duration-ms="2976" started-at="2014-03-25T17:41:12Z" finished-at="2014-03-25T17:41:15Z">
          <reporter-output>
          </reporter-output>
        </test-method> <!-- authorisationTest -->
        <test-method status="PASS" signature="cleanup()[pri:0, instance:com.epam.tests.MainClass@1b9b03]" name="cleanup" is-config="true" duration-ms="1301" started-at="2014-03-25T17:41:15Z" finished-at="2014-03-25T17:41:17Z">
          <reporter-output>
          </reporter-output>
        </test-method> <!-- cleanup -->
      </class> <!-- com.epam.tests.MainClass -->
    </test> <!-- VenereAutoScripts -->
  </suite> <!-- Custom suite -->
</testng-results>
